2013-11-14 10:25:26 Error: Fatal Error (4): syntax error, unexpected '(', expecting ',' or ';' in [/Applications/MAMP/htdocs/onesperson/app/Controller/AppController.php, line 36]
2013-11-14 10:25:26 Error: [FatalErrorException] syntax error, unexpected '(', expecting ',' or ';'
Request URL: /onesperson/
Stack Trace:
#0 /Applications/MAMP/htdocs/onesperson/lib/Cake/Error/ErrorHandler.php(184): ErrorHandler::handleFatalError(4, 'syntax error, u...', '/Applications/M...', 36)
#1 [internal function]: ErrorHandler::handleError(4, 'syntax error, u...', '/Applications/M...', 36, Array)
#2 /Applications/MAMP/htdocs/onesperson/lib/Cake/Core/App.php(931): call_user_func('ErrorHandler::h...', 4, 'syntax error, u...', '/Applications/M...', 36, Array)
#3 /Applications/MAMP/htdocs/onesperson/lib/Cake/Core/App.php(904): App::_checkFatalError()
#4 [internal function]: App::shutdown()
#5 {main}
2013-11-14 10:25:28 Error: Fatal Error (4): syntax error, unexpected '(', expecting ',' or ';' in [/Applications/MAMP/htdocs/onesperson/app/Controller/AppController.php, line 36]
2013-11-14 10:25:28 Error: [FatalErrorException] syntax error, unexpected '(', expecting ',' or ';'
Request URL: /onesperson/
Stack Trace:
#0 /Applications/MAMP/htdocs/onesperson/lib/Cake/Error/ErrorHandler.php(184): ErrorHandler::handleFatalError(4, 'syntax error, u...', '/Applications/M...', 36)
#1 [internal function]: ErrorHandler::handleError(4, 'syntax error, u...', '/Applications/M...', 36, Array)
#2 /Applications/MAMP/htdocs/onesperson/lib/Cake/Core/App.php(931): call_user_func('ErrorHandler::h...', 4, 'syntax error, u...', '/Applications/M...', 36, Array)
#3 /Applications/MAMP/htdocs/onesperson/lib/Cake/Core/App.php(904): App::_checkFatalError()
#4 [internal function]: App::shutdown()
#5 {main}
2013-11-14 10:25:35 Error: Fatal Error (4): syntax error, unexpected '(', expecting ',' or ';' in [/Applications/MAMP/htdocs/onesperson/app/Controller/AppController.php, line 36]
2013-11-14 10:25:35 Error: [FatalErrorException] syntax error, unexpected '(', expecting ',' or ';'
Request URL: /onesperson/
Stack Trace:
#0 /Applications/MAMP/htdocs/onesperson/lib/Cake/Error/ErrorHandler.php(184): ErrorHandler::handleFatalError(4, 'syntax error, u...', '/Applications/M...', 36)
#1 [internal function]: ErrorHandler::handleError(4, 'syntax error, u...', '/Applications/M...', 36, Array)
#2 /Applications/MAMP/htdocs/onesperson/lib/Cake/Core/App.php(931): call_user_func('ErrorHandler::h...', 4, 'syntax error, u...', '/Applications/M...', 36, Array)
#3 /Applications/MAMP/htdocs/onesperson/lib/Cake/Core/App.php(904): App::_checkFatalError()
#4 [internal function]: App::shutdown()
#5 {main}
2013-11-14 10:25:36 Error: Fatal Error (4): syntax error, unexpected '(', expecting ',' or ';' in [/Applications/MAMP/htdocs/onesperson/app/Controller/AppController.php, line 36]
2013-11-14 10:25:36 Error: [FatalErrorException] syntax error, unexpected '(', expecting ',' or ';'
Request URL: /onesperson/
Stack Trace:
#0 /Applications/MAMP/htdocs/onesperson/lib/Cake/Error/ErrorHandler.php(184): ErrorHandler::handleFatalError(4, 'syntax error, u...', '/Applications/M...', 36)
#1 [internal function]: ErrorHandler::handleError(4, 'syntax error, u...', '/Applications/M...', 36, Array)
#2 /Applications/MAMP/htdocs/onesperson/lib/Cake/Core/App.php(931): call_user_func('ErrorHandler::h...', 4, 'syntax error, u...', '/Applications/M...', 36, Array)
#3 /Applications/MAMP/htdocs/onesperson/lib/Cake/Core/App.php(904): App::_checkFatalError()
#4 [internal function]: App::shutdown()
#5 {main}
2013-11-14 10:48:03 Error: [MissingControllerException] Controller class UsersController could not be found.
Exception Attributes: array (
  'class' => 'UsersController',
  'plugin' => NULL,
)
Request URL: /onesperson/users
Stack Trace:
#0 /Applications/MAMP/htdocs/onesperson/app/webroot/index.php(110): Dispatcher->dispatch(Object(CakeRequest), Object(CakeResponse))
#1 {main}
2013-11-14 10:55:38 Error: Fatal Error (4): syntax error, unexpected '(' in [/Applications/MAMP/htdocs/onesperson/app/Model/User.php, line 2]
2013-11-14 10:55:38 Error: [FatalErrorException] syntax error, unexpected '('
Request URL: /onesperson/users
Stack Trace:
#0 /Applications/MAMP/htdocs/onesperson/lib/Cake/Error/ErrorHandler.php(184): ErrorHandler::handleFatalError(4, 'syntax error, u...', '/Applications/M...', 2)
#1 [internal function]: ErrorHandler::handleError(4, 'syntax error, u...', '/Applications/M...', 2, Array)
#2 /Applications/MAMP/htdocs/onesperson/lib/Cake/Core/App.php(931): call_user_func('ErrorHandler::h...', 4, 'syntax error, u...', '/Applications/M...', 2, Array)
#3 /Applications/MAMP/htdocs/onesperson/lib/Cake/Core/App.php(904): App::_checkFatalError()
#4 [internal function]: App::shutdown()
#5 {main}
2013-11-14 10:55:56 Error: Fatal Error (4): syntax error, unexpected '(' in [/Applications/MAMP/htdocs/onesperson/app/Model/User.php, line 2]
2013-11-14 10:55:56 Error: [FatalErrorException] syntax error, unexpected '('
Request URL: /onesperson/users
Stack Trace:
#0 /Applications/MAMP/htdocs/onesperson/lib/Cake/Error/ErrorHandler.php(184): ErrorHandler::handleFatalError(4, 'syntax error, u...', '/Applications/M...', 2)
#1 [internal function]: ErrorHandler::handleError(4, 'syntax error, u...', '/Applications/M...', 2, Array)
#2 /Applications/MAMP/htdocs/onesperson/lib/Cake/Core/App.php(931): call_user_func('ErrorHandler::h...', 4, 'syntax error, u...', '/Applications/M...', 2, Array)
#3 /Applications/MAMP/htdocs/onesperson/lib/Cake/Core/App.php(904): App::_checkFatalError()
#4 [internal function]: App::shutdown()
#5 {main}
2013-11-14 10:56:26 Error: Fatal Error (4): syntax error, unexpected '(' in [/Applications/MAMP/htdocs/onesperson/app/Model/User.php, line 3]
2013-11-14 10:56:26 Error: [FatalErrorException] syntax error, unexpected '('
Request URL: /onesperson/users
Stack Trace:
#0 /Applications/MAMP/htdocs/onesperson/lib/Cake/Error/ErrorHandler.php(184): ErrorHandler::handleFatalError(4, 'syntax error, u...', '/Applications/M...', 3)
#1 [internal function]: ErrorHandler::handleError(4, 'syntax error, u...', '/Applications/M...', 3, Array)
#2 /Applications/MAMP/htdocs/onesperson/lib/Cake/Core/App.php(931): call_user_func('ErrorHandler::h...', 4, 'syntax error, u...', '/Applications/M...', 3, Array)
#3 /Applications/MAMP/htdocs/onesperson/lib/Cake/Core/App.php(904): App::_checkFatalError()
#4 [internal function]: App::shutdown()
#5 {main}
2013-11-14 10:56:27 Error: Fatal Error (4): syntax error, unexpected '(' in [/Applications/MAMP/htdocs/onesperson/app/Model/User.php, line 3]
2013-11-14 10:56:27 Error: [FatalErrorException] syntax error, unexpected '('
Request URL: /onesperson/users
Stack Trace:
#0 /Applications/MAMP/htdocs/onesperson/lib/Cake/Error/ErrorHandler.php(184): ErrorHandler::handleFatalError(4, 'syntax error, u...', '/Applications/M...', 3)
#1 [internal function]: ErrorHandler::handleError(4, 'syntax error, u...', '/Applications/M...', 3, Array)
#2 /Applications/MAMP/htdocs/onesperson/lib/Cake/Core/App.php(931): call_user_func('ErrorHandler::h...', 4, 'syntax error, u...', '/Applications/M...', 3, Array)
#3 /Applications/MAMP/htdocs/onesperson/lib/Cake/Core/App.php(904): App::_checkFatalError()
#4 [internal function]: App::shutdown()
#5 {main}
2013-11-14 10:56:28 Error: Fatal Error (4): syntax error, unexpected '(' in [/Applications/MAMP/htdocs/onesperson/app/Model/User.php, line 3]
2013-11-14 10:56:28 Error: [FatalErrorException] syntax error, unexpected '('
Request URL: /onesperson/users
Stack Trace:
#0 /Applications/MAMP/htdocs/onesperson/lib/Cake/Error/ErrorHandler.php(184): ErrorHandler::handleFatalError(4, 'syntax error, u...', '/Applications/M...', 3)
#1 [internal function]: ErrorHandler::handleError(4, 'syntax error, u...', '/Applications/M...', 3, Array)
#2 /Applications/MAMP/htdocs/onesperson/lib/Cake/Core/App.php(931): call_user_func('ErrorHandler::h...', 4, 'syntax error, u...', '/Applications/M...', 3, Array)
#3 /Applications/MAMP/htdocs/onesperson/lib/Cake/Core/App.php(904): App::_checkFatalError()
#4 [internal function]: App::shutdown()
#5 {main}
2013-11-14 11:01:24 Error: Fatal Error (4): syntax error, unexpected 'array' (T_ARRAY) in [/Applications/MAMP/htdocs/onesperson/app/Controller/UsersController.php, line 40]
2013-11-14 11:01:24 Error: [FatalErrorException] syntax error, unexpected 'array' (T_ARRAY)
Request URL: /onesperson/users
Stack Trace:
#0 /Applications/MAMP/htdocs/onesperson/lib/Cake/Error/ErrorHandler.php(184): ErrorHandler::handleFatalError(4, 'syntax error, u...', '/Applications/M...', 40)
#1 [internal function]: ErrorHandler::handleError(4, 'syntax error, u...', '/Applications/M...', 40, Array)
#2 /Applications/MAMP/htdocs/onesperson/lib/Cake/Core/App.php(931): call_user_func('ErrorHandler::h...', 4, 'syntax error, u...', '/Applications/M...', 40, Array)
#3 /Applications/MAMP/htdocs/onesperson/lib/Cake/Core/App.php(904): App::_checkFatalError()
#4 [internal function]: App::shutdown()
#5 {main}
2013-11-14 11:01:50 Error: Fatal Error (4): syntax error, unexpected ';' in [/Applications/MAMP/htdocs/onesperson/app/Controller/UsersController.php, line 40]
2013-11-14 11:01:50 Error: [FatalErrorException] syntax error, unexpected ';'
Request URL: /onesperson/users
Stack Trace:
#0 /Applications/MAMP/htdocs/onesperson/lib/Cake/Error/ErrorHandler.php(184): ErrorHandler::handleFatalError(4, 'syntax error, u...', '/Applications/M...', 40)
#1 [internal function]: ErrorHandler::handleError(4, 'syntax error, u...', '/Applications/M...', 40, Array)
#2 /Applications/MAMP/htdocs/onesperson/lib/Cake/Core/App.php(931): call_user_func('ErrorHandler::h...', 4, 'syntax error, u...', '/Applications/M...', 40, Array)
#3 /Applications/MAMP/htdocs/onesperson/lib/Cake/Core/App.php(904): App::_checkFatalError()
#4 [internal function]: App::shutdown()
#5 {main}
2013-11-14 11:05:15 Error: Fatal Error (4): syntax error, unexpected ')' in [/Applications/MAMP/htdocs/onesperson/app/Controller/UsersController.php, line 38]
2013-11-14 11:05:15 Error: [FatalErrorException] syntax error, unexpected ')'
Request URL: /onesperson/users/
Stack Trace:
#0 /Applications/MAMP/htdocs/onesperson/lib/Cake/Error/ErrorHandler.php(184): ErrorHandler::handleFatalError(4, 'syntax error, u...', '/Applications/M...', 38)
#1 [internal function]: ErrorHandler::handleError(4, 'syntax error, u...', '/Applications/M...', 38, Array)
#2 /Applications/MAMP/htdocs/onesperson/lib/Cake/Core/App.php(931): call_user_func('ErrorHandler::h...', 4, 'syntax error, u...', '/Applications/M...', 38, Array)
#3 /Applications/MAMP/htdocs/onesperson/lib/Cake/Core/App.php(904): App::_checkFatalError()
#4 [internal function]: App::shutdown()
#5 {main}
